[[1;34mINFO[m] Scanning for projects...
[[1;34mINFO[m] 
[[1;34mINFO[m] [1m------------------------< [0;36mcom.banka:cory-bank[0;1m >-------------------------[m
[[1;34mINFO[m] [1mBuilding core-bank 0.0.1-SNAPSHOT[m
[[1;34mINFO[m] [1m--------------------------------[ jar ]---------------------------------[m
[[1;34mINFO[m] 
[[1;34mINFO[m] [1m>>> [0;32mspring-boot-maven-plugin:3.5.10:run[m [1m(default-cli)[0;1m > [0;1mtest-compile[m @ [36mcory-bank[0;1m >>>[m
[[1;34mINFO[m] 
[[1;34mINFO[m] [1m--- [0;32mmaven-resources-plugin:3.3.1:resources[m [1m(default-resources)[m @ [36mcory-bank[0;1m ---[m
[[1;34mINFO[m] Copying 1 resource from src/main/resources to target/classes
[[1;34mINFO[m] Copying 0 resource from src/main/resources to target/classes
[[1;34mINFO[m] 
[[1;34mINFO[m] [1m--- [0;32mmaven-compiler-plugin:3.14.1:compile[m [1m(default-compile)[m @ [36mcory-bank[0;1m ---[m
[[1;34mINFO[m] Recompiling the module because of [1mchanged source code[m.
[[1;34mINFO[m] Compiling 49 source files with javac [debug parameters release 17] to target/classes
[[1;34mINFO[m] /home/ricardo1025/Documentos/projects/core-bank/src/main/java/com/banka/corebank/config/JwtAuthConverter.java: /home/ricardo1025/Documentos/projects/core-bank/src/main/java/com/banka/corebank/config/JwtAuthConverter.java uses unchecked or unsafe operations.
[[1;34mINFO[m] /home/ricardo1025/Documentos/projects/core-bank/src/main/java/com/banka/corebank/config/JwtAuthConverter.java: Recompile with -Xlint:unchecked for details.
[[1;34mINFO[m] 
[[1;34mINFO[m] [1m--- [0;32mmaven-resources-plugin:3.3.1:testResources[m [1m(default-testResources)[m @ [36mcory-bank[0;1m ---[m
[[1;34mINFO[m] skip non existing resourceDirectory /home/ricardo1025/Documentos/projects/core-bank/src/test/resources
[[1;34mINFO[m] 
[[1;34mINFO[m] [1m--- [0;32mmaven-compiler-plugin:3.14.1:testCompile[m [1m(default-testCompile)[m @ [36mcory-bank[0;1m ---[m
[[1;34mINFO[m] Recompiling the module because of [1mchanged dependency[m.
[[1;34mINFO[m] Compiling 1 source file with javac [debug parameters release 17] to target/test-classes
[[1;34mINFO[m] 
[[1;34mINFO[m] [1m<<< [0;32mspring-boot-maven-plugin:3.5.10:run[m [1m(default-cli)[0;1m < [0;1mtest-compile[m @ [36mcory-bank[0;1m <<<[m
[[1;34mINFO[m] 
[[1;34mINFO[m] 
[[1;34mINFO[m] [1m--- [0;32mspring-boot-maven-plugin:3.5.10:run[m [1m(default-cli)[m @ [36mcory-bank[0;1m ---[m
[[1;34mINFO[m] Attaching agents: []

  .   ____          _            __ _ _
 /\\ / ___'_ __ _ _(_)_ __  __ _ \ \ \ \
( ( )\___ | '_ | '_| | '_ \/ _` | \ \ \ \
 \\/  ___)| |_)| | | | | || (_| |  ) ) ) )
  '  |____| .__|_| |_|_| |_\__, | / / / /
 =========|_|==============|___/=/_/_/_/

 :: Spring Boot ::               (v3.5.10)

2026-03-13T19:59:22.311-05:00  INFO 7374 --- [core-bank] [           main] com.banka.corebank.CoreBankApplication   : Starting CoreBankApplication using Java 17.0.18 with PID 7374 (/home/ricardo1025/Documentos/projects/core-bank/target/classes started by ricardo1025 in /home/ricardo1025/Documentos/projects/core-bank)
2026-03-13T19:59:22.315-05:00  INFO 7374 --- [core-bank] [           main] com.banka.corebank.CoreBankApplication   : No active profile set, falling back to 1 default profile: "default"
2026-03-13T19:59:26.864-05:00  INFO 7374 --- [core-bank] [           main] .s.d.r.c.RepositoryConfigurationDelegate : Bootstrapping Spring Data JPA repositories in DEFAULT mode.
2026-03-13T19:59:26.965-05:00  INFO 7374 --- [core-bank] [           main] .s.d.r.c.RepositoryConfigurationDelegate : Finished Spring Data repository scanning in 83 ms. Found 4 JPA repository interfaces.
2026-03-13T19:59:28.325-05:00  INFO 7374 --- [core-bank] [           main] o.s.b.w.embedded.tomcat.TomcatWebServer  : Tomcat initialized with port 8080 (http)
2026-03-13T19:59:28.348-05:00  INFO 7374 --- [core-bank] [           main] o.apache.catalina.core.StandardService   : Starting service [Tomcat]
2026-03-13T19:59:28.348-05:00  INFO 7374 --- [core-bank] [           main] o.apache.catalina.core.StandardEngine    : Starting Servlet engine: [Apache Tomcat/10.1.50]
2026-03-13T19:59:28.536-05:00  INFO 7374 --- [core-bank] [           main] o.a.c.c.C.[Tomcat].[localhost].[/]       : Initializing Spring embedded WebApplicationContext
2026-03-13T19:59:28.540-05:00  INFO 7374 --- [core-bank] [           main] w.s.c.ServletWebServerApplicationContext : Root WebApplicationContext: initialization completed in 6139 ms
2026-03-13T19:59:28.905-05:00  INFO 7374 --- [core-bank] [           main] o.hibernate.jpa.internal.util.LogHelper  : HHH000204: Processing PersistenceUnitInfo [name: default]
2026-03-13T19:59:28.967-05:00  INFO 7374 --- [core-bank] [           main] org.hibernate.Version                    : HHH000412: Hibernate ORM core version 6.6.41.Final
2026-03-13T19:59:29.001-05:00  INFO 7374 --- [core-bank] [           main] o.h.c.internal.RegionFactoryInitiator    : HHH000026: Second-level cache disabled
2026-03-13T19:59:29.268-05:00  INFO 7374 --- [core-bank] [           main] o.s.o.j.p.SpringPersistenceUnitInfo      : No LoadTimeWeaver setup: ignoring JPA class transformer
2026-03-13T19:59:29.296-05:00  INFO 7374 --- [core-bank] [           main] com.zaxxer.hikari.HikariDataSource       : HikariPool-1 - Starting...
2026-03-13T19:59:29.467-05:00  INFO 7374 --- [core-bank] [           main] com.zaxxer.hikari.pool.HikariPool        : HikariPool-1 - Added connection org.postgresql.jdbc.PgConnection@503556cb
2026-03-13T19:59:29.468-05:00  INFO 7374 --- [core-bank] [           main] com.zaxxer.hikari.HikariDataSource       : HikariPool-1 - Start completed.
2026-03-13T19:59:29.504-05:00  WARN 7374 --- [core-bank] [           main] org.hibernate.orm.deprecation            : HHH90000025: PostgreSQLDialect does not need to be specified explicitly using 'hibernate.dialect' (remove the property setting and it will be selected by default)
2026-03-13T19:59:29.524-05:00  INFO 7374 --- [core-bank] [           main] org.hibernate.orm.connections.pooling    : HHH10001005: Database info:
	Database JDBC URL [Connecting through datasource 'HikariDataSource (HikariPool-1)']
	Database driver: undefined/unknown
	Database version: 15.17
	Autocommit mode: undefined/unknown
	Isolation level: undefined/unknown
	Minimum pool size: undefined/unknown
	Maximum pool size: undefined/unknown
2026-03-13T19:59:31.110-05:00  INFO 7374 --- [core-bank] [           main] o.h.e.t.j.p.i.JtaPlatformInitiator       : HHH000489: No JTA platform available (set 'hibernate.transaction.jta.platform' to enable JTA platform integration)
2026-03-13T19:59:31.264-05:00  INFO 7374 --- [core-bank] [           main] j.LocalContainerEntityManagerFactoryBean : Initialized JPA EntityManagerFactory for persistence unit 'default'
2026-03-13T19:59:32.458-05:00  INFO 7374 --- [core-bank] [           main] o.s.d.j.r.query.QueryEnhancerFactory     : Hibernate is in classpath; If applicable, HQL parser will be used.
2026-03-13T19:59:33.376-05:00  WARN 7374 --- [core-bank] [           main] JpaBaseConfiguration$JpaWebConfiguration : spring.jpa.open-in-view is enabled by default. Therefore, database queries may be performed during view rendering. Explicitly configure spring.jpa.open-in-view to disable this warning
2026-03-13T19:59:33.943-05:00  INFO 7374 --- [core-bank] [           main] o.s.b.w.embedded.tomcat.TomcatWebServer  : Tomcat started on port 8080 (http) with context path '/'
2026-03-13T19:59:33.954-05:00  INFO 7374 --- [core-bank] [           main] com.banka.corebank.CoreBankApplication   : Started CoreBankApplication in 13.131 seconds (process running for 14.079)
[35m[Hibernate][0m 
    [34mselect[0m
        u1_0.id,
        u1_0.active,
        u1_0.created_at,
        u1_0.customer_id,
        u1_0.email,
        u1_0.password,
        u1_0.role,
        u1_0.updated_at 
    [34mfrom[0m
        users u1_0 
    [34mwhere[0m
        u1_0.email=?
2026-03-13T19:59:34.046-05:00 TRACE 7374 --- [core-bank] [           main] org.hibernate.orm.jdbc.bind              : binding parameter (1:VARCHAR) <- [admin@corybank.com]
2026-03-13T19:59:34.078-05:00  INFO 7374 --- [core-bank] [           main] c.banka.corebank.config.DataInitializer  : Admin user already exists, skipping seeding.
2026-03-13T20:03:51.384-05:00  INFO 7374 --- [core-bank] [nio-8080-exec-1] o.a.c.c.C.[Tomcat].[localhost].[/]       : Initializing Spring DispatcherServlet 'dispatcherServlet'
2026-03-13T20:03:51.385-05:00  INFO 7374 --- [core-bank] [nio-8080-exec-1] o.s.web.servlet.DispatcherServlet        : Initializing Servlet 'dispatcherServlet'
2026-03-13T20:03:51.386-05:00  INFO 7374 --- [core-bank] [nio-8080-exec-1] o.s.web.servlet.DispatcherServlet        : Completed initialization in 1 ms
[35m[Hibernate][0m 
    [34mselect[0m
        u1_0.id,
        u1_0.active,
        u1_0.created_at,
        u1_0.customer_id,
        u1_0.email,
        u1_0.password,
        u1_0.role,
        u1_0.updated_at 
    [34mfrom[0m
        users u1_0 
    [34mwhere[0m
        u1_0.email=?
2026-03-13T20:03:51.652-05:00 TRACE 7374 --- [core-bank] [nio-8080-exec-3] org.hibernate.orm.jdbc.bind              : binding parameter (1:VARCHAR) <- [marino@email.com]
[35m[Hibernate][0m 
    [34mselect[0m
        a1_0.id 
    [34mfrom[0m
        accounts a1_0 
    [34mwhere[0m
        a1_0.account_number=? 
    [34mfetch[0m
        first ? [34mrows[0m [34monly[0m
2026-03-13T20:03:51.677-05:00 TRACE 7374 --- [core-bank] [nio-8080-exec-3] org.hibernate.orm.jdbc.bind              : binding parameter (1:VARCHAR) <- [0138]
2026-03-13T20:03:51.677-05:00 TRACE 7374 --- [core-bank] [nio-8080-exec-3] org.hibernate.orm.jdbc.bind              : binding parameter (2:INTEGER) <- [1]
[35m[Hibernate][0m 
    [34minsert[0m 
    [34minto[0m
        customers
        (created_at, document_id, email, name, updated_at, id) 
    [34mvalues[0m
        (?, ?, ?, ?, ?, ?)
2026-03-13T20:03:51.702-05:00 TRACE 7374 --- [core-bank] [nio-8080-exec-3] org.hibernate.orm.jdbc.bind              : binding parameter (1:TIMESTAMP_UTC) <- [2026-03-14T01:03:51.698521Z]
2026-03-13T20:03:51.703-05:00 TRACE 7374 --- [core-bank] [nio-8080-exec-3] org.hibernate.orm.jdbc.bind              : binding parameter (2:VARCHAR) <- [PENDIENTE-8f9d5013]
2026-03-13T20:03:51.703-05:00 TRACE 7374 --- [core-bank] [nio-8080-exec-3] org.hibernate.orm.jdbc.bind              : binding parameter (3:VARCHAR) <- [marino@email.com]
2026-03-13T20:03:51.703-05:00 TRACE 7374 --- [core-bank] [nio-8080-exec-3] org.hibernate.orm.jdbc.bind              : binding parameter (4:VARCHAR) <- [marino vargas]
2026-03-13T20:03:51.703-05:00 TRACE 7374 --- [core-bank] [nio-8080-exec-3] org.hibernate.orm.jdbc.bind              : binding parameter (5:TIMESTAMP_UTC) <- [2026-03-14T01:03:51.698536Z]
2026-03-13T20:03:51.703-05:00 TRACE 7374 --- [core-bank] [nio-8080-exec-3] org.hibernate.orm.jdbc.bind              : binding parameter (6:UUID) <- [76917989-c418-4e83-8e22-7193e91bb7e2]
[35m[Hibernate][0m 
    [34minsert[0m 
    [34minto[0m
        accounts
        (account_number, active, balance, created_at, customer_id, type, updated_at, id) 
    [34mvalues[0m
        (?, ?, ?, ?, ?, ?, ?, ?)
2026-03-13T20:03:51.706-05:00 TRACE 7374 --- [core-bank] [nio-8080-exec-3] org.hibernate.orm.jdbc.bind              : binding parameter (1:VARCHAR) <- [0138]
2026-03-13T20:03:51.706-05:00 TRACE 7374 --- [core-bank] [nio-8080-exec-3] org.hibernate.orm.jdbc.bind              : binding parameter (2:BOOLEAN) <- [true]
2026-03-13T20:03:51.706-05:00 TRACE 7374 --- [core-bank] [nio-8080-exec-3] org.hibernate.orm.jdbc.bind              : binding parameter (3:NUMERIC) <- [0]
2026-03-13T20:03:51.707-05:00 TRACE 7374 --- [core-bank] [nio-8080-exec-3] org.hibernate.orm.jdbc.bind              : binding parameter (4:TIMESTAMP_UTC) <- [2026-03-14T01:03:51.706337Z]
2026-03-13T20:03:51.707-05:00 TRACE 7374 --- [core-bank] [nio-8080-exec-3] org.hibernate.orm.jdbc.bind              : binding parameter (5:UUID) <- [76917989-c418-4e83-8e22-7193e91bb7e2]
2026-03-13T20:03:51.707-05:00 TRACE 7374 --- [core-bank] [nio-8080-exec-3] org.hibernate.orm.jdbc.bind              : binding parameter (6:VARCHAR) <- [SAVINGS]
2026-03-13T20:03:51.707-05:00 TRACE 7374 --- [core-bank] [nio-8080-exec-3] org.hibernate.orm.jdbc.bind              : binding parameter (7:TIMESTAMP_UTC) <- [2026-03-14T01:03:51.706347Z]
2026-03-13T20:03:51.707-05:00 TRACE 7374 --- [core-bank] [nio-8080-exec-3] org.hibernate.orm.jdbc.bind              : binding parameter (8:UUID) <- [cd60f66d-722b-4ee2-8a43-fef7cf90d1f7]
[35m[Hibernate][0m 
    [34minsert[0m 
    [34minto[0m
        users
        (active, created_at, customer_id, email, password, role, updated_at, id) 
    [34mvalues[0m
        (?, ?, ?, ?, ?, ?, ?, ?)
2026-03-13T20:03:51.709-05:00 TRACE 7374 --- [core-bank] [nio-8080-exec-3] org.hibernate.orm.jdbc.bind              : binding parameter (1:BOOLEAN) <- [true]
2026-03-13T20:03:51.710-05:00 TRACE 7374 --- [core-bank] [nio-8080-exec-3] org.hibernate.orm.jdbc.bind              : binding parameter (2:TIMESTAMP_UTC) <- [2026-03-14T01:03:51.709555Z]
2026-03-13T20:03:51.710-05:00 TRACE 7374 --- [core-bank] [nio-8080-exec-3] org.hibernate.orm.jdbc.bind              : binding parameter (3:UUID) <- [76917989-c418-4e83-8e22-7193e91bb7e2]
2026-03-13T20:03:51.710-05:00 TRACE 7374 --- [core-bank] [nio-8080-exec-3] org.hibernate.orm.jdbc.bind              : binding parameter (4:VARCHAR) <- [marino@email.com]
2026-03-13T20:03:51.710-05:00 TRACE 7374 --- [core-bank] [nio-8080-exec-3] org.hibernate.orm.jdbc.bind              : binding parameter (5:VARCHAR) <- [{noop}keycloak-managed]
2026-03-13T20:03:51.710-05:00 TRACE 7374 --- [core-bank] [nio-8080-exec-3] org.hibernate.orm.jdbc.bind              : binding parameter (6:VARCHAR) <- [USER]
2026-03-13T20:03:51.710-05:00 TRACE 7374 --- [core-bank] [nio-8080-exec-3] org.hibernate.orm.jdbc.bind              : binding parameter (7:TIMESTAMP_UTC) <- [2026-03-14T01:03:51.709563Z]
2026-03-13T20:03:51.710-05:00 TRACE 7374 --- [core-bank] [nio-8080-exec-3] org.hibernate.orm.jdbc.bind              : binding parameter (8:UUID) <- [5b2154bf-4c46-400a-8203-a6d9ce67b34d]
[35m[Hibernate][0m 
    [34mselect[0m
        a1_0.id,
        a1_0.account_number,
        a1_0.active,
        a1_0.balance,
        a1_0.created_at,
        a1_0.customer_id,
        c1_0.id,
        c1_0.created_at,
        c1_0.document_id,
        c1_0.email,
        c1_0.name,
        c1_0.updated_at,
        a1_0.type,
        a1_0.updated_at 
    [34mfrom[0m
        accounts a1_0 
    [34mjoin[0m
        customers c1_0 
            [34mon[0m c1_0.id=a1_0.customer_id 
    [34mwhere[0m
        a1_0.customer_id=?
2026-03-13T20:03:51.711-05:00 TRACE 7374 --- [core-bank] [nio-8080-exec-3] org.hibernate.orm.jdbc.bind              : binding parameter (1:UUID) <- [76917989-c418-4e83-8e22-7193e91bb7e2]
[35m[Hibernate][0m 
    [34mselect[0m
        u1_0.id,
        u1_0.active,
        u1_0.created_at,
        u1_0.customer_id,
        u1_0.email,
        u1_0.password,
        u1_0.role,
        u1_0.updated_at 
    [34mfrom[0m
        users u1_0 
    [34mwhere[0m
        u1_0.email=?
2026-03-13T20:03:51.754-05:00 TRACE 7374 --- [core-bank] [nio-8080-exec-4] org.hibernate.orm.jdbc.bind              : binding parameter (1:VARCHAR) <- [marino@email.com]
[35m[Hibernate][0m 
    [34mselect[0m
        c1_0.id,
        c1_0.created_at,
        c1_0.document_id,
        c1_0.email,
        c1_0.name,
        c1_0.updated_at 
    [34mfrom[0m
        customers c1_0 
    [34mwhere[0m
        c1_0.id=?
2026-03-13T20:03:51.759-05:00 TRACE 7374 --- [core-bank] [nio-8080-exec-4] org.hibernate.orm.jdbc.bind              : binding parameter (1:UUID) <- [76917989-c418-4e83-8e22-7193e91bb7e2]
[35m[Hibernate][0m 
    [34mselect[0m
        a1_0.id,
        a1_0.account_number,
        a1_0.active,
        a1_0.balance,
        a1_0.created_at,
        a1_0.customer_id,
        c1_0.id,
        c1_0.created_at,
        c1_0.document_id,
        c1_0.email,
        c1_0.name,
        c1_0.updated_at,
        a1_0.type,
        a1_0.updated_at 
    [34mfrom[0m
        accounts a1_0 
    [34mjoin[0m
        customers c1_0 
            [34mon[0m c1_0.id=a1_0.customer_id 
    [34mwhere[0m
        a1_0.customer_id=?
2026-03-13T20:03:51.763-05:00 TRACE 7374 --- [core-bank] [nio-8080-exec-4] org.hibernate.orm.jdbc.bind              : binding parameter (1:UUID) <- [76917989-c418-4e83-8e22-7193e91bb7e2]
[35m[Hibernate][0m 
    [34mselect[0m
        a1_0.id,
        a1_0.account_number,
        a1_0.active,
        a1_0.balance,
        a1_0.created_at,
        a1_0.customer_id,
        c1_0.id,
        c1_0.created_at,
        c1_0.document_id,
        c1_0.email,
        c1_0.name,
        c1_0.updated_at,
        a1_0.type,
        a1_0.updated_at 
    [34mfrom[0m
        accounts a1_0 
    [34mjoin[0m
        customers c1_0 
            [34mon[0m c1_0.id=a1_0.customer_id
[35m[Hibernate][0m 
    [34mselect[0m
        a1_0.id,
        a1_0.account_number,
        a1_0.active,
        a1_0.balance,
        a1_0.created_at,
        a1_0.customer_id,
        c1_0.id,
        c1_0.created_at,
        c1_0.document_id,
        c1_0.email,
        c1_0.name,
        c1_0.updated_at,
        a1_0.type,
        a1_0.updated_at 
    [34mfrom[0m
        accounts a1_0 
    [34mjoin[0m
        customers c1_0 
            [34mon[0m c1_0.id=a1_0.customer_id
[35m[Hibernate][0m 
    [34mselect[0m
        a1_0.id,
        a1_0.account_number,
        a1_0.active,
        a1_0.balance,
        a1_0.created_at,
        a1_0.customer_id,
        c1_0.id,
        c1_0.created_at,
        c1_0.document_id,
        c1_0.email,
        c1_0.name,
        c1_0.updated_at,
        a1_0.type,
        a1_0.updated_at 
    [34mfrom[0m
        accounts a1_0 
    [34mjoin[0m
        customers c1_0 
            [34mon[0m c1_0.id=a1_0.customer_id
[35m[Hibernate][0m 
    [34mselect[0m
        a1_0.id,
        a1_0.account_number,
        a1_0.active,
        a1_0.balance,
        a1_0.created_at,
        a1_0.customer_id,
        c1_0.id,
        c1_0.created_at,
        c1_0.document_id,
        c1_0.email,
        c1_0.name,
        c1_0.updated_at,
        a1_0.type,
        a1_0.updated_at 
    [34mfrom[0m
        accounts a1_0 
    [34mjoin[0m
        customers c1_0 
            [34mon[0m c1_0.id=a1_0.customer_id
[35m[Hibernate][0m 
    [34mselect[0m
        u1_0.id,
        u1_0.active,
        u1_0.created_at,
        u1_0.customer_id,
        u1_0.email,
        u1_0.password,
        u1_0.role,
        u1_0.updated_at 
    [34mfrom[0m
        users u1_0 
    [34mwhere[0m
        u1_0.email=?
2026-03-13T20:05:34.908-05:00 TRACE 7374 --- [core-bank] [nio-8080-exec-5] org.hibernate.orm.jdbc.bind              : binding parameter (1:VARCHAR) <- [admin@banka.com]
[35m[Hibernate][0m 
    [34mselect[0m
        c1_0.id,
        c1_0.created_at,
        c1_0.document_id,
        c1_0.email,
        c1_0.name,
        c1_0.updated_at 
    [34mfrom[0m
        customers c1_0 
    [34mwhere[0m
        c1_0.id=?
2026-03-13T20:05:34.911-05:00 TRACE 7374 --- [core-bank] [nio-8080-exec-5] org.hibernate.orm.jdbc.bind              : binding parameter (1:UUID) <- [e69afcf2-a1dd-45ec-af8e-8783da3c1fc6]
[35m[Hibernate][0m 
    [34mupdate[0m
        customers 
    [34mset[0m
        document_id=?,
        email=?,
        name=?,
        updated_at=? 
    [34mwhere[0m
        id=?
2026-03-13T20:05:34.920-05:00 TRACE 7374 --- [core-bank] [nio-8080-exec-5] org.hibernate.orm.jdbc.bind              : binding parameter (1:VARCHAR) <- [PENDIENTE-925647dc]
2026-03-13T20:05:34.920-05:00 TRACE 7374 --- [core-bank] [nio-8080-exec-5] org.hibernate.orm.jdbc.bind              : binding parameter (2:VARCHAR) <- [admin@banka.com]
2026-03-13T20:05:34.920-05:00 TRACE 7374 --- [core-bank] [nio-8080-exec-5] org.hibernate.orm.jdbc.bind              : binding parameter (3:VARCHAR) <- [Admin User]
2026-03-13T20:05:34.921-05:00 TRACE 7374 --- [core-bank] [nio-8080-exec-5] org.hibernate.orm.jdbc.bind              : binding parameter (4:TIMESTAMP_UTC) <- [2026-03-14T01:05:34.916875Z]
2026-03-13T20:05:34.921-05:00 TRACE 7374 --- [core-bank] [nio-8080-exec-5] org.hibernate.orm.jdbc.bind              : binding parameter (5:UUID) <- [e69afcf2-a1dd-45ec-af8e-8783da3c1fc6]
[35m[Hibernate][0m 
    [34mselect[0m
        a1_0.id,
        a1_0.account_number,
        a1_0.active,
        a1_0.balance,
        a1_0.created_at,
        a1_0.customer_id,
        c1_0.id,
        c1_0.created_at,
        c1_0.document_id,
        c1_0.email,
        c1_0.name,
        c1_0.updated_at,
        a1_0.type,
        a1_0.updated_at 
    [34mfrom[0m
        accounts a1_0 
    [34mjoin[0m
        customers c1_0 
            [34mon[0m c1_0.id=a1_0.customer_id 
    [34mwhere[0m
        a1_0.customer_id=?
2026-03-13T20:05:34.924-05:00 TRACE 7374 --- [core-bank] [nio-8080-exec-5] org.hibernate.orm.jdbc.bind              : binding parameter (1:UUID) <- [e69afcf2-a1dd-45ec-af8e-8783da3c1fc6]
[35m[Hibernate][0m 
    [34mselect[0m
        u1_0.id,
        u1_0.active,
        u1_0.created_at,
        u1_0.customer_id,
        u1_0.email,
        u1_0.password,
        u1_0.role,
        u1_0.updated_at 
    [34mfrom[0m
        users u1_0 
    [34mwhere[0m
        u1_0.email=?
2026-03-13T20:05:34.938-05:00 TRACE 7374 --- [core-bank] [nio-8080-exec-6] org.hibernate.orm.jdbc.bind              : binding parameter (1:VARCHAR) <- [admin@banka.com]
[35m[Hibernate][0m 
    [34mselect[0m
        c1_0.id,
        c1_0.created_at,
        c1_0.document_id,
        c1_0.email,
        c1_0.name,
        c1_0.updated_at 
    [34mfrom[0m
        customers c1_0 
    [34mwhere[0m
        c1_0.id=?
2026-03-13T20:05:34.940-05:00 TRACE 7374 --- [core-bank] [nio-8080-exec-6] org.hibernate.orm.jdbc.bind              : binding parameter (1:UUID) <- [e69afcf2-a1dd-45ec-af8e-8783da3c1fc6]
[35m[Hibernate][0m 
    [34mselect[0m
        a1_0.id,
        a1_0.account_number,
        a1_0.active,
        a1_0.balance,
        a1_0.created_at,
        a1_0.customer_id,
        c1_0.id,
        c1_0.created_at,
        c1_0.document_id,
        c1_0.email,
        c1_0.name,
        c1_0.updated_at,
        a1_0.type,
        a1_0.updated_at 
    [34mfrom[0m
        accounts a1_0 
    [34mjoin[0m
        customers c1_0 
            [34mon[0m c1_0.id=a1_0.customer_id 
    [34mwhere[0m
        a1_0.customer_id=?
2026-03-13T20:05:34.945-05:00 TRACE 7374 --- [core-bank] [nio-8080-exec-6] org.hibernate.orm.jdbc.bind              : binding parameter (1:UUID) <- [e69afcf2-a1dd-45ec-af8e-8783da3c1fc6]
[35m[Hibernate][0m 
    [34mselect[0m
        a1_0.id,
        a1_0.account_number,
        a1_0.active,
        a1_0.balance,
        a1_0.created_at,
        a1_0.customer_id,
        c1_0.id,
        c1_0.created_at,
        c1_0.document_id,
        c1_0.email,
        c1_0.name,
        c1_0.updated_at,
        a1_0.type,
        a1_0.updated_at 
    [34mfrom[0m
        accounts a1_0 
    [34mjoin[0m
        customers c1_0 
            [34mon[0m c1_0.id=a1_0.customer_id
[35m[Hibernate][0m 
    [34mselect[0m
        a1_0.id,
        a1_0.account_number,
        a1_0.active,
        a1_0.balance,
        a1_0.created_at,
        a1_0.customer_id,
        c1_0.id,
        c1_0.created_at,
        c1_0.document_id,
        c1_0.email,
        c1_0.name,
        c1_0.updated_at,
        a1_0.type,
        a1_0.updated_at 
    [34mfrom[0m
        accounts a1_0 
    [34mjoin[0m
        customers c1_0 
            [34mon[0m c1_0.id=a1_0.customer_id
[35m[Hibernate][0m 
    [34mselect[0m
        a1_0.id,
        a1_0.account_number,
        a1_0.active,
        a1_0.balance,
        a1_0.created_at,
        a1_0.customer_id,
        c1_0.id,
        c1_0.created_at,
        c1_0.document_id,
        c1_0.email,
        c1_0.name,
        c1_0.updated_at,
        a1_0.type,
        a1_0.updated_at 
    [34mfrom[0m
        accounts a1_0 
    [34mjoin[0m
        customers c1_0 
            [34mon[0m c1_0.id=a1_0.customer_id
[35m[Hibernate][0m 
    [34mselect[0m
        a1_0.id,
        a1_0.account_number,
        a1_0.active,
        a1_0.balance,
        a1_0.created_at,
        a1_0.customer_id,
        c1_0.id,
        c1_0.created_at,
        c1_0.document_id,
        c1_0.email,
        c1_0.name,
        c1_0.updated_at,
        a1_0.type,
        a1_0.updated_at 
    [34mfrom[0m
        accounts a1_0 
    [34mjoin[0m
        customers c1_0 
            [34mon[0m c1_0.id=a1_0.customer_id
[35m[Hibernate][0m 
    [34mselect[0m
        u1_0.id,
        u1_0.active,
        u1_0.created_at,
        u1_0.customer_id,
        u1_0.email,
        u1_0.password,
        u1_0.role,
        u1_0.updated_at 
    [34mfrom[0m
        users u1_0 
    [34mwhere[0m
        u1_0.email=?
2026-03-13T20:10:17.090-05:00 TRACE 7374 --- [core-bank] [nio-8080-exec-2] org.hibernate.orm.jdbc.bind              : binding parameter (1:VARCHAR) <- [admin@banka.com]
[35m[Hibernate][0m 
    [34mselect[0m
        c1_0.id,
        c1_0.created_at,
        c1_0.document_id,
        c1_0.email,
        c1_0.name,
        c1_0.updated_at 
    [34mfrom[0m
        customers c1_0 
    [34mwhere[0m
        c1_0.id=?
2026-03-13T20:10:17.092-05:00 TRACE 7374 --- [core-bank] [nio-8080-exec-2] org.hibernate.orm.jdbc.bind              : binding parameter (1:UUID) <- [e69afcf2-a1dd-45ec-af8e-8783da3c1fc6]
[35m[Hibernate][0m 
    [34mselect[0m
        a1_0.id,
        a1_0.account_number,
        a1_0.active,
        a1_0.balance,
        a1_0.created_at,
        a1_0.customer_id,
        c1_0.id,
        c1_0.created_at,
        c1_0.document_id,
        c1_0.email,
        c1_0.name,
        c1_0.updated_at,
        a1_0.type,
        a1_0.updated_at 
    [34mfrom[0m
        accounts a1_0 
    [34mjoin[0m
        customers c1_0 
            [34mon[0m c1_0.id=a1_0.customer_id 
    [34mwhere[0m
        a1_0.customer_id=?
2026-03-13T20:10:17.095-05:00 TRACE 7374 --- [core-bank] [nio-8080-exec-2] org.hibernate.orm.jdbc.bind              : binding parameter (1:UUID) <- [e69afcf2-a1dd-45ec-af8e-8783da3c1fc6]
[35m[Hibernate][0m 
    [34mselect[0m
        u1_0.id,
        u1_0.active,
        u1_0.created_at,
        u1_0.customer_id,
        u1_0.email,
        u1_0.password,
        u1_0.role,
        u1_0.updated_at 
    [34mfrom[0m
        users u1_0 
    [34mwhere[0m
        u1_0.email=?
2026-03-13T20:10:17.102-05:00 TRACE 7374 --- [core-bank] [nio-8080-exec-4] org.hibernate.orm.jdbc.bind              : binding parameter (1:VARCHAR) <- [admin@banka.com]
[35m[Hibernate][0m 
    [34mselect[0m
        c1_0.id,
        c1_0.created_at,
        c1_0.document_id,
        c1_0.email,
        c1_0.name,
        c1_0.updated_at 
    [34mfrom[0m
        customers c1_0 
    [34mwhere[0m
        c1_0.id=?
2026-03-13T20:10:17.104-05:00 TRACE 7374 --- [core-bank] [nio-8080-exec-4] org.hibernate.orm.jdbc.bind              : binding parameter (1:UUID) <- [e69afcf2-a1dd-45ec-af8e-8783da3c1fc6]
[35m[Hibernate][0m 
    [34mselect[0m
        a1_0.id,
        a1_0.account_number,
        a1_0.active,
        a1_0.balance,
        a1_0.created_at,
        a1_0.customer_id,
        c1_0.id,
        c1_0.created_at,
        c1_0.document_id,
        c1_0.email,
        c1_0.name,
        c1_0.updated_at,
        a1_0.type,
        a1_0.updated_at 
    [34mfrom[0m
        accounts a1_0 
    [34mjoin[0m
        customers c1_0 
            [34mon[0m c1_0.id=a1_0.customer_id 
    [34mwhere[0m
        a1_0.customer_id=?
2026-03-13T20:10:17.108-05:00 TRACE 7374 --- [core-bank] [nio-8080-exec-4] org.hibernate.orm.jdbc.bind              : binding parameter (1:UUID) <- [e69afcf2-a1dd-45ec-af8e-8783da3c1fc6]
[35m[Hibernate][0m 
    [34mselect[0m
        a1_0.id,
        a1_0.account_number,
        a1_0.active,
        a1_0.balance,
        a1_0.created_at,
        a1_0.customer_id,
        a1_0.type,
        a1_0.updated_at 
    [34mfrom[0m
        accounts a1_0 
    [34mwhere[0m
        a1_0.account_number=?
2026-03-13T20:10:17.143-05:00 TRACE 7374 --- [core-bank] [nio-8080-exec-7] org.hibernate.orm.jdbc.bind              : binding parameter (1:VARCHAR) <- [6372]
[35m[Hibernate][0m 
    [34mselect[0m
        c1_0.id,
        c1_0.created_at,
        c1_0.document_id,
        c1_0.email,
        c1_0.name,
        c1_0.updated_at 
    [34mfrom[0m
        customers c1_0 
    [34mwhere[0m
        c1_0.id=?
2026-03-13T20:10:17.145-05:00 TRACE 7374 --- [core-bank] [nio-8080-exec-7] org.hibernate.orm.jdbc.bind              : binding parameter (1:UUID) <- [e69afcf2-a1dd-45ec-af8e-8783da3c1fc6]
[35m[Hibernate][0m 
    [34mselect[0m
        t1_0.id,
        t1_0.account_id,
        a1_0.id,
        a1_0.account_number,
        a1_0.active,
        a1_0.balance,
        a1_0.created_at,
        a1_0.customer_id,
        a1_0.type,
        a1_0.updated_at,
        t1_0.amount,
        t1_0.created_at,
        t1_0.description,
        t1_0.performed_by_id,
        t1_0.type 
    [34mfrom[0m
        transactions t1_0 
    [34mjoin[0m
        accounts a1_0 
            [34mon[0m a1_0.id=t1_0.account_id 
    [34mwhere[0m
        t1_0.account_id=? 
    [34morder[0m [34mby[0m
        t1_0.created_at desc 
    [34mfetch[0m
        first ? [34mrows[0m [34monly[0m
2026-03-13T20:10:17.149-05:00 TRACE 7374 --- [core-bank] [nio-8080-exec-7] org.hibernate.orm.jdbc.bind              : binding parameter (1:UUID) <- [a44b5012-728a-4197-884d-02ba2a150379]
2026-03-13T20:10:17.149-05:00 TRACE 7374 --- [core-bank] [nio-8080-exec-7] org.hibernate.orm.jdbc.bind              : binding parameter (2:INTEGER) <- [50]
[35m[Hibernate][0m 
    [34mselect[0m
        count(t1_0.id) 
    [34mfrom[0m
        transactions t1_0 
    [34mwhere[0m
        t1_0.account_id=?
2026-03-13T20:10:17.163-05:00 TRACE 7374 --- [core-bank] [nio-8080-exec-7] org.hibernate.orm.jdbc.bind              : binding parameter (1:UUID) <- [a44b5012-728a-4197-884d-02ba2a150379]
2026-03-13T20:10:17.169-05:00  WARN 7374 --- [core-bank] [nio-8080-exec-7] ration$PageModule$WarningLoggingModifier : Serializing PageImpl instances as-is is not supported, meaning that there is no guarantee about the stability of the resulting JSON structure!
	For a stable JSON structure, please use Spring Data's PagedModel (globally via @EnableSpringDataWebSupport(pageSerializationMode = VIA_DTO))
	or Spring HATEOAS and Spring Data's PagedResourcesAssembler as documented in https://docs.spring.io/spring-data/commons/reference/repositories/core-extensions.html#core.web.pageables.

[35m[Hibernate][0m 
    [34mselect[0m
        a1_0.id,
        a1_0.account_number,
        a1_0.active,
        a1_0.balance,
        a1_0.created_at,
        a1_0.customer_id,
        a1_0.type,
        a1_0.updated_at 
    [34mfrom[0m
        accounts a1_0 
    [34mwhere[0m
        a1_0.account_number=?
2026-03-13T20:10:17.185-05:00 TRACE 7374 --- [core-bank] [nio-8080-exec-6] org.hibernate.orm.jdbc.bind              : binding parameter (1:VARCHAR) <- [6372]
[35m[Hibernate][0m 
    [34mselect[0m
        c1_0.id,
        c1_0.created_at,
        c1_0.document_id,
        c1_0.email,
        c1_0.name,
        c1_0.updated_at 
    [34mfrom[0m
        customers c1_0 
    [34mwhere[0m
        c1_0.id=?
2026-03-13T20:10:17.187-05:00 TRACE 7374 --- [core-bank] [nio-8080-exec-6] org.hibernate.orm.jdbc.bind              : binding parameter (1:UUID) <- [e69afcf2-a1dd-45ec-af8e-8783da3c1fc6]
[35m[Hibernate][0m 
    [34mselect[0m
        t1_0.id,
        t1_0.account_id,
        a1_0.id,
        a1_0.account_number,
        a1_0.active,
        a1_0.balance,
        a1_0.created_at,
        a1_0.customer_id,
        a1_0.type,
        a1_0.updated_at,
        t1_0.amount,
        t1_0.created_at,
        t1_0.description,
        t1_0.performed_by_id,
        t1_0.type 
    [34mfrom[0m
        transactions t1_0 
    [34mjoin[0m
        accounts a1_0 
            [34mon[0m a1_0.id=t1_0.account_id 
    [34mwhere[0m
        t1_0.account_id=? 
    [34morder[0m [34mby[0m
        t1_0.created_at desc 
    [34mfetch[0m
        first ? [34mrows[0m [34monly[0m
2026-03-13T20:10:17.191-05:00 TRACE 7374 --- [core-bank] [nio-8080-exec-6] org.hibernate.orm.jdbc.bind              : binding parameter (1:UUID) <- [a44b5012-728a-4197-884d-02ba2a150379]
2026-03-13T20:10:17.191-05:00 TRACE 7374 --- [core-bank] [nio-8080-exec-6] org.hibernate.orm.jdbc.bind              : binding parameter (2:INTEGER) <- [50]
[35m[Hibernate][0m 
    [34mselect[0m
        count(t1_0.id) 
    [34mfrom[0m
        transactions t1_0 
    [34mwhere[0m
        t1_0.account_id=?
2026-03-13T20:10:17.199-05:00 TRACE 7374 --- [core-bank] [nio-8080-exec-6] org.hibernate.orm.jdbc.bind              : binding parameter (1:UUID) <- [a44b5012-728a-4197-884d-02ba2a150379]
[35m[Hibernate][0m 
    [34mselect[0m
        a1_0.id,
        a1_0.account_number,
        a1_0.active,
        a1_0.balance,
        a1_0.created_at,
        a1_0.customer_id,
        c1_0.id,
        c1_0.created_at,
        c1_0.document_id,
        c1_0.email,
        c1_0.name,
        c1_0.updated_at,
        a1_0.type,
        a1_0.updated_at 
    [34mfrom[0m
        accounts a1_0 
    [34mjoin[0m
        customers c1_0 
            [34mon[0m c1_0.id=a1_0.customer_id
[35m[Hibernate][0m 
    [34mselect[0m
        a1_0.id,
        a1_0.account_number,
        a1_0.active,
        a1_0.balance,
        a1_0.created_at,
        a1_0.customer_id,
        c1_0.id,
        c1_0.created_at,
        c1_0.document_id,
        c1_0.email,
        c1_0.name,
        c1_0.updated_at,
        a1_0.type,
        a1_0.updated_at 
    [34mfrom[0m
        accounts a1_0 
    [34mjoin[0m
        customers c1_0 
            [34mon[0m c1_0.id=a1_0.customer_id
[35m[Hibernate][0m 
    [34mselect[0m
        a1_0.id,
        a1_0.account_number,
        a1_0.active,
        a1_0.balance,
        a1_0.created_at,
        a1_0.customer_id,
        a1_0.type,
        a1_0.updated_at 
    [34mfrom[0m
        accounts a1_0 
    [34mwhere[0m
        a1_0.account_number=?
2026-03-13T20:10:45.742-05:00 TRACE 7374 --- [core-bank] [nio-8080-exec-4] org.hibernate.orm.jdbc.bind              : binding parameter (1:VARCHAR) <- [7723]
[35m[Hibernate][0m 
    [34mselect[0m
        t1_0.id,
        t1_0.account_id,
        a1_0.id,
        a1_0.account_number,
        a1_0.active,
        a1_0.balance,
        a1_0.created_at,
        a1_0.customer_id,
        a1_0.type,
        a1_0.updated_at,
        t1_0.amount,
        t1_0.created_at,
        t1_0.description,
        t1_0.performed_by_id,
        t1_0.type 
    [34mfrom[0m
        transactions t1_0 
    [34mjoin[0m
        accounts a1_0 
            [34mon[0m a1_0.id=t1_0.account_id 
    [34mwhere[0m
        t1_0.account_id=? 
    [34morder[0m [34mby[0m
        t1_0.created_at desc
2026-03-13T20:10:45.749-05:00 TRACE 7374 --- [core-bank] [nio-8080-exec-4] org.hibernate.orm.jdbc.bind              : binding parameter (1:UUID) <- [315e714e-8f1f-435f-b6a2-2172e00e059c]
[35m[Hibernate][0m 
    [34mselect[0m
        a1_0.id,
        a1_0.account_number,
        a1_0.active,
        a1_0.balance,
        a1_0.created_at,
        a1_0.customer_id,
        a1_0.type,
        a1_0.updated_at 
    [34mfrom[0m
        accounts a1_0 
    [34mwhere[0m
        a1_0.account_number=?
2026-03-13T20:10:51.157-05:00 TRACE 7374 --- [core-bank] [nio-8080-exec-3] org.hibernate.orm.jdbc.bind              : binding parameter (1:VARCHAR) <- [6372]
[35m[Hibernate][0m 
    [34mselect[0m
        t1_0.id,
        t1_0.account_id,
        a1_0.id,
        a1_0.account_number,
        a1_0.active,
        a1_0.balance,
        a1_0.created_at,
        a1_0.customer_id,
        a1_0.type,
        a1_0.updated_at,
        t1_0.amount,
        t1_0.created_at,
        t1_0.description,
        t1_0.performed_by_id,
        t1_0.type 
    [34mfrom[0m
        transactions t1_0 
    [34mjoin[0m
        accounts a1_0 
            [34mon[0m a1_0.id=t1_0.account_id 
    [34mwhere[0m
        t1_0.account_id=? 
    [34morder[0m [34mby[0m
        t1_0.created_at desc
2026-03-13T20:10:51.160-05:00 TRACE 7374 --- [core-bank] [nio-8080-exec-3] org.hibernate.orm.jdbc.bind              : binding parameter (1:UUID) <- [a44b5012-728a-4197-884d-02ba2a150379]
[35m[Hibernate][0m 
    [34mselect[0m
        a1_0.id,
        a1_0.account_number,
        a1_0.active,
        a1_0.balance,
        a1_0.created_at,
        a1_0.customer_id,
        a1_0.type,
        a1_0.updated_at 
    [34mfrom[0m
        accounts a1_0 
    [34mwhere[0m
        a1_0.account_number=?
2026-03-13T20:10:56.119-05:00 TRACE 7374 --- [core-bank] [nio-8080-exec-6] org.hibernate.orm.jdbc.bind              : binding parameter (1:VARCHAR) <- [7723]
[35m[Hibernate][0m 
    [34mselect[0m
        t1_0.id,
        t1_0.account_id,
        a1_0.id,
        a1_0.account_number,
        a1_0.active,
        a1_0.balance,
        a1_0.created_at,
        a1_0.customer_id,
        a1_0.type,
        a1_0.updated_at,
        t1_0.amount,
        t1_0.created_at,
        t1_0.description,
        t1_0.performed_by_id,
        t1_0.type 
    [34mfrom[0m
        transactions t1_0 
    [34mjoin[0m
        accounts a1_0 
            [34mon[0m a1_0.id=t1_0.account_id 
    [34mwhere[0m
        t1_0.account_id=? 
    [34morder[0m [34mby[0m
        t1_0.created_at desc
2026-03-13T20:10:56.125-05:00 TRACE 7374 --- [core-bank] [nio-8080-exec-6] org.hibernate.orm.jdbc.bind              : binding parameter (1:UUID) <- [315e714e-8f1f-435f-b6a2-2172e00e059c]
[35m[Hibernate][0m 
    [34mselect[0m
        a1_0.id,
        a1_0.account_number,
        a1_0.active,
        a1_0.balance,
        a1_0.created_at,
        a1_0.customer_id,
        a1_0.type,
        a1_0.updated_at 
    [34mfrom[0m
        accounts a1_0 
    [34mwhere[0m
        a1_0.account_number=?
2026-03-13T20:11:14.075-05:00 TRACE 7374 --- [core-bank] [nio-8080-exec-9] org.hibernate.orm.jdbc.bind              : binding parameter (1:VARCHAR) <- [7723]
[35m[Hibernate][0m 
    [34mselect[0m
        t1_0.id,
        t1_0.account_id,
        a1_0.id,
        a1_0.account_number,
        a1_0.active,
        a1_0.balance,
        a1_0.created_at,
        a1_0.customer_id,
        a1_0.type,
        a1_0.updated_at,
        t1_0.amount,
        t1_0.created_at,
        t1_0.description,
        t1_0.performed_by_id,
        t1_0.type 
    [34mfrom[0m
        transactions t1_0 
    [34mjoin[0m
        accounts a1_0 
            [34mon[0m a1_0.id=t1_0.account_id 
    [34mwhere[0m
        t1_0.account_id=? 
    [34morder[0m [34mby[0m
        t1_0.created_at desc
2026-03-13T20:11:14.077-05:00 TRACE 7374 --- [core-bank] [nio-8080-exec-9] org.hibernate.orm.jdbc.bind              : binding parameter (1:UUID) <- [315e714e-8f1f-435f-b6a2-2172e00e059c]
[35m[Hibernate][0m 
    [34mselect[0m
        a1_0.id,
        a1_0.account_number,
        a1_0.active,
        a1_0.balance,
        a1_0.created_at,
        a1_0.customer_id,
        a1_0.type,
        a1_0.updated_at 
    [34mfrom[0m
        accounts a1_0 
    [34mwhere[0m
        a1_0.account_number=?
2026-03-13T20:11:15.630-05:00 TRACE 7374 --- [core-bank] [nio-8080-exec-1] org.hibernate.orm.jdbc.bind              : binding parameter (1:VARCHAR) <- [9444]
[35m[Hibernate][0m 
    [34mselect[0m
        t1_0.id,
        t1_0.account_id,
        a1_0.id,
        a1_0.account_number,
        a1_0.active,
        a1_0.balance,
        a1_0.created_at,
        a1_0.customer_id,
        a1_0.type,
        a1_0.updated_at,
        t1_0.amount,
        t1_0.created_at,
        t1_0.description,
        t1_0.performed_by_id,
        t1_0.type 
    [34mfrom[0m
        transactions t1_0 
    [34mjoin[0m
        accounts a1_0 
            [34mon[0m a1_0.id=t1_0.account_id 
    [34mwhere[0m
        t1_0.account_id=? 
    [34morder[0m [34mby[0m
        t1_0.created_at desc
2026-03-13T20:11:15.638-05:00 TRACE 7374 --- [core-bank] [nio-8080-exec-1] org.hibernate.orm.jdbc.bind              : binding parameter (1:UUID) <- [95ab16b2-eb98-4087-93d2-0cace6a3412d]
[35m[Hibernate][0m 
    [34mselect[0m
        a1_0.id,
        a1_0.account_number,
        a1_0.active,
        a1_0.balance,
        a1_0.created_at,
        a1_0.customer_id,
        a1_0.type,
        a1_0.updated_at 
    [34mfrom[0m
        accounts a1_0 
    [34mwhere[0m
        a1_0.account_number=?
2026-03-13T20:11:19.853-05:00 TRACE 7374 --- [core-bank] [nio-8080-exec-4] org.hibernate.orm.jdbc.bind              : binding parameter (1:VARCHAR) <- [6372]
[35m[Hibernate][0m 
    [34mselect[0m
        t1_0.id,
        t1_0.account_id,
        a1_0.id,
        a1_0.account_number,
        a1_0.active,
        a1_0.balance,
        a1_0.created_at,
        a1_0.customer_id,
        a1_0.type,
        a1_0.updated_at,
        t1_0.amount,
        t1_0.created_at,
        t1_0.description,
        t1_0.performed_by_id,
        t1_0.type 
    [34mfrom[0m
        transactions t1_0 
    [34mjoin[0m
        accounts a1_0 
            [34mon[0m a1_0.id=t1_0.account_id 
    [34mwhere[0m
        t1_0.account_id=? 
    [34morder[0m [34mby[0m
        t1_0.created_at desc
2026-03-13T20:11:19.858-05:00 TRACE 7374 --- [core-bank] [nio-8080-exec-4] org.hibernate.orm.jdbc.bind              : binding parameter (1:UUID) <- [a44b5012-728a-4197-884d-02ba2a150379]
[35m[Hibernate][0m 
    [34mselect[0m
        u1_0.id,
        u1_0.active,
        u1_0.created_at,
        u1_0.customer_id,
        u1_0.email,
        u1_0.password,
        u1_0.role,
        u1_0.updated_at 
    [34mfrom[0m
        users u1_0 
    [34mwhere[0m
        u1_0.email=?
2026-03-13T20:11:37.287-05:00 TRACE 7374 --- [core-bank] [nio-8080-exec-7] org.hibernate.orm.jdbc.bind              : binding parameter (1:VARCHAR) <- [marino@email.com]
[35m[Hibernate][0m 
    [34mselect[0m
        c1_0.id,
        c1_0.created_at,
        c1_0.document_id,
        c1_0.email,
        c1_0.name,
        c1_0.updated_at 
    [34mfrom[0m
        customers c1_0 
    [34mwhere[0m
        c1_0.id=?
2026-03-13T20:11:37.291-05:00 TRACE 7374 --- [core-bank] [nio-8080-exec-7] org.hibernate.orm.jdbc.bind              : binding parameter (1:UUID) <- [76917989-c418-4e83-8e22-7193e91bb7e2]
[35m[Hibernate][0m 
    [34mselect[0m
        a1_0.id,
        a1_0.account_number,
        a1_0.active,
        a1_0.balance,
        a1_0.created_at,
        a1_0.customer_id,
        c1_0.id,
        c1_0.created_at,
        c1_0.document_id,
        c1_0.email,
        c1_0.name,
        c1_0.updated_at,
        a1_0.type,
        a1_0.updated_at 
    [34mfrom[0m
        accounts a1_0 
    [34mjoin[0m
        customers c1_0 
            [34mon[0m c1_0.id=a1_0.customer_id 
    [34mwhere[0m
        a1_0.customer_id=?
2026-03-13T20:11:37.295-05:00 TRACE 7374 --- [core-bank] [nio-8080-exec-7] org.hibernate.orm.jdbc.bind              : binding parameter (1:UUID) <- [76917989-c418-4e83-8e22-7193e91bb7e2]
[35m[Hibernate][0m 
    [34mselect[0m
        u1_0.id,
        u1_0.active,
        u1_0.created_at,
        u1_0.customer_id,
        u1_0.email,
        u1_0.password,
        u1_0.role,
        u1_0.updated_at 
    [34mfrom[0m
        users u1_0 
    [34mwhere[0m
        u1_0.email=?
2026-03-13T20:11:37.306-05:00 TRACE 7374 --- [core-bank] [nio-8080-exec-6] org.hibernate.orm.jdbc.bind              : binding parameter (1:VARCHAR) <- [marino@email.com]
[35m[Hibernate][0m 
    [34mselect[0m
        c1_0.id,
        c1_0.created_at,
        c1_0.document_id,
        c1_0.email,
        c1_0.name,
        c1_0.updated_at 
    [34mfrom[0m
        customers c1_0 
    [34mwhere[0m
        c1_0.id=?
2026-03-13T20:11:37.309-05:00 TRACE 7374 --- [core-bank] [nio-8080-exec-6] org.hibernate.orm.jdbc.bind              : binding parameter (1:UUID) <- [76917989-c418-4e83-8e22-7193e91bb7e2]
[35m[Hibernate][0m 
    [34mselect[0m
        a1_0.id,
        a1_0.account_number,
        a1_0.active,
        a1_0.balance,
        a1_0.created_at,
        a1_0.customer_id,
        c1_0.id,
        c1_0.created_at,
        c1_0.document_id,
        c1_0.email,
        c1_0.name,
        c1_0.updated_at,
        a1_0.type,
        a1_0.updated_at 
    [34mfrom[0m
        accounts a1_0 
    [34mjoin[0m
        customers c1_0 
            [34mon[0m c1_0.id=a1_0.customer_id 
    [34mwhere[0m
        a1_0.customer_id=?
2026-03-13T20:11:37.313-05:00 TRACE 7374 --- [core-bank] [nio-8080-exec-6] org.hibernate.orm.jdbc.bind              : binding parameter (1:UUID) <- [76917989-c418-4e83-8e22-7193e91bb7e2]
[35m[Hibernate][0m 
    [34mselect[0m
        a1_0.id,
        a1_0.account_number,
        a1_0.active,
        a1_0.balance,
        a1_0.created_at,
        a1_0.customer_id,
        a1_0.type,
        a1_0.updated_at 
    [34mfrom[0m
        accounts a1_0 
    [34mwhere[0m
        a1_0.account_number=?
2026-03-13T20:11:37.331-05:00 TRACE 7374 --- [core-bank] [nio-8080-exec-9] org.hibernate.orm.jdbc.bind              : binding parameter (1:VARCHAR) <- [0138]
[35m[Hibernate][0m 
    [34mselect[0m
        c1_0.id,
        c1_0.created_at,
        c1_0.document_id,
        c1_0.email,
        c1_0.name,
        c1_0.updated_at 
    [34mfrom[0m
        customers c1_0 
    [34mwhere[0m
        c1_0.id=?
2026-03-13T20:11:37.333-05:00 TRACE 7374 --- [core-bank] [nio-8080-exec-9] org.hibernate.orm.jdbc.bind              : binding parameter (1:UUID) <- [76917989-c418-4e83-8e22-7193e91bb7e2]
[35m[Hibernate][0m 
    [34mselect[0m
        t1_0.id,
        t1_0.account_id,
        a1_0.id,
        a1_0.account_number,
        a1_0.active,
        a1_0.balance,
        a1_0.created_at,
        a1_0.customer_id,
        a1_0.type,
        a1_0.updated_at,
        t1_0.amount,
        t1_0.created_at,
        t1_0.description,
        t1_0.performed_by_id,
        t1_0.type 
    [34mfrom[0m
        transactions t1_0 
    [34mjoin[0m
        accounts a1_0 
            [34mon[0m a1_0.id=t1_0.account_id 
    [34mwhere[0m
        t1_0.account_id=? 
    [34morder[0m [34mby[0m
        t1_0.created_at desc 
    [34mfetch[0m
        first ? [34mrows[0m [34monly[0m
2026-03-13T20:11:37.337-05:00 TRACE 7374 --- [core-bank] [nio-8080-exec-9] org.hibernate.orm.jdbc.bind              : binding parameter (1:UUID) <- [cd60f66d-722b-4ee2-8a43-fef7cf90d1f7]
2026-03-13T20:11:37.337-05:00 TRACE 7374 --- [core-bank] [nio-8080-exec-9] org.hibernate.orm.jdbc.bind              : binding parameter (2:INTEGER) <- [50]
[35m[Hibernate][0m 
    [34mselect[0m
        a1_0.id,
        a1_0.account_number,
        a1_0.active,
        a1_0.balance,
        a1_0.created_at,
        a1_0.customer_id,
        a1_0.type,
        a1_0.updated_at 
    [34mfrom[0m
        accounts a1_0 
    [34mwhere[0m
        a1_0.account_number=?
2026-03-13T20:11:37.346-05:00 TRACE 7374 --- [core-bank] [io-8080-exec-10] org.hibernate.orm.jdbc.bind              : binding parameter (1:VARCHAR) <- [0138]
[35m[Hibernate][0m 
    [34mselect[0m
        c1_0.id,
        c1_0.created_at,
        c1_0.document_id,
        c1_0.email,
        c1_0.name,
        c1_0.updated_at 
    [34mfrom[0m
        customers c1_0 
    [34mwhere[0m
        c1_0.id=?
2026-03-13T20:11:37.349-05:00 TRACE 7374 --- [core-bank] [io-8080-exec-10] org.hibernate.orm.jdbc.bind              : binding parameter (1:UUID) <- [76917989-c418-4e83-8e22-7193e91bb7e2]
[35m[Hibernate][0m 
    [34mselect[0m
        t1_0.id,
        t1_0.account_id,
        a1_0.id,
        a1_0.account_number,
        a1_0.active,
        a1_0.balance,
        a1_0.created_at,
        a1_0.customer_id,
        a1_0.type,
        a1_0.updated_at,
        t1_0.amount,
        t1_0.created_at,
        t1_0.description,
        t1_0.performed_by_id,
        t1_0.type 
    [34mfrom[0m
        transactions t1_0 
    [34mjoin[0m
        accounts a1_0 
            [34mon[0m a1_0.id=t1_0.account_id 
    [34mwhere[0m
        t1_0.account_id=? 
    [34morder[0m [34mby[0m
        t1_0.created_at desc 
    [34mfetch[0m
        first ? [34mrows[0m [34monly[0m
2026-03-13T20:11:37.355-05:00 TRACE 7374 --- [core-bank] [io-8080-exec-10] org.hibernate.orm.jdbc.bind              : binding parameter (1:UUID) <- [cd60f66d-722b-4ee2-8a43-fef7cf90d1f7]
2026-03-13T20:11:37.355-05:00 TRACE 7374 --- [core-bank] [io-8080-exec-10] org.hibernate.orm.jdbc.bind              : binding parameter (2:INTEGER) <- [50]
[35m[Hibernate][0m 
    [34mselect[0m
        u1_0.id,
        u1_0.active,
        u1_0.created_at,
        u1_0.customer_id,
        u1_0.email,
        u1_0.password,
        u1_0.role,
        u1_0.updated_at 
    [34mfrom[0m
        users u1_0 
    [34mwhere[0m
        u1_0.email=?
2026-03-13T20:13:28.661-05:00 TRACE 7374 --- [core-bank] [nio-8080-exec-5] org.hibernate.orm.jdbc.bind              : binding parameter (1:VARCHAR) <- [maria@mail.com]
[35m[Hibernate][0m 
    [34mselect[0m
        a1_0.id 
    [34mfrom[0m
        accounts a1_0 
    [34mwhere[0m
        a1_0.account_number=? 
    [34mfetch[0m
        first ? [34mrows[0m [34monly[0m
2026-03-13T20:13:28.669-05:00 TRACE 7374 --- [core-bank] [nio-8080-exec-5] org.hibernate.orm.jdbc.bind              : binding parameter (1:VARCHAR) <- [6396]
2026-03-13T20:13:28.669-05:00 TRACE 7374 --- [core-bank] [nio-8080-exec-5] org.hibernate.orm.jdbc.bind              : binding parameter (2:INTEGER) <- [1]
[35m[Hibernate][0m 
    [34minsert[0m 
    [34minto[0m
        customers
        (created_at, document_id, email, name, updated_at, id) 
    [34mvalues[0m
        (?, ?, ?, ?, ?, ?)
2026-03-13T20:13:28.677-05:00 TRACE 7374 --- [core-bank] [nio-8080-exec-5] org.hibernate.orm.jdbc.bind              : binding parameter (1:TIMESTAMP_UTC) <- [2026-03-14T01:13:28.675963Z]
2026-03-13T20:13:28.679-05:00 TRACE 7374 --- [core-bank] [nio-8080-exec-5] org.hibernate.orm.jdbc.bind              : binding parameter (2:VARCHAR) <- [PENDIENTE-2a29e299]
2026-03-13T20:13:28.679-05:00 TRACE 7374 --- [core-bank] [nio-8080-exec-5] org.hibernate.orm.jdbc.bind              : binding parameter (3:VARCHAR) <- [maria@mail.com]
2026-03-13T20:13:28.679-05:00 TRACE 7374 --- [core-bank] [nio-8080-exec-5] org.hibernate.orm.jdbc.bind              : binding parameter (4:VARCHAR) <- [Maria Vargas]
2026-03-13T20:13:28.679-05:00 TRACE 7374 --- [core-bank] [nio-8080-exec-5] org.hibernate.orm.jdbc.bind              : binding parameter (5:TIMESTAMP_UTC) <- [2026-03-14T01:13:28.675971Z]
2026-03-13T20:13:28.679-05:00 TRACE 7374 --- [core-bank] [nio-8080-exec-5] org.hibernate.orm.jdbc.bind              : binding parameter (6:UUID) <- [d28aa35d-dfa3-4192-bb67-25d1436d63ad]
[35m[Hibernate][0m 
    [34minsert[0m 
    [34minto[0m
        accounts
        (account_number, active, balance, created_at, customer_id, type, updated_at, id) 
    [34mvalues[0m
        (?, ?, ?, ?, ?, ?, ?, ?)
2026-03-13T20:13:28.683-05:00 TRACE 7374 --- [core-bank] [nio-8080-exec-5] org.hibernate.orm.jdbc.bind              : binding parameter (1:VARCHAR) <- [6396]
2026-03-13T20:13:28.683-05:00 TRACE 7374 --- [core-bank] [nio-8080-exec-5] org.hibernate.orm.jdbc.bind              : binding parameter (2:BOOLEAN) <- [true]
2026-03-13T20:13:28.683-05:00 TRACE 7374 --- [core-bank] [nio-8080-exec-5] org.hibernate.orm.jdbc.bind              : binding parameter (3:NUMERIC) <- [0]
2026-03-13T20:13:28.683-05:00 TRACE 7374 --- [core-bank] [nio-8080-exec-5] org.hibernate.orm.jdbc.bind              : binding parameter (4:TIMESTAMP_UTC) <- [2026-03-14T01:13:28.682447Z]
2026-03-13T20:13:28.683-05:00 TRACE 7374 --- [core-bank] [nio-8080-exec-5] org.hibernate.orm.jdbc.bind              : binding parameter (5:UUID) <- [d28aa35d-dfa3-4192-bb67-25d1436d63ad]
2026-03-13T20:13:28.683-05:00 TRACE 7374 --- [core-bank] [nio-8080-exec-5] org.hibernate.orm.jdbc.bind              : binding parameter (6:VARCHAR) <- [SAVINGS]
2026-03-13T20:13:28.683-05:00 TRACE 7374 --- [core-bank] [nio-8080-exec-5] org.hibernate.orm.jdbc.bind              : binding parameter (7:TIMESTAMP_UTC) <- [2026-03-14T01:13:28.682464Z]
2026-03-13T20:13:28.683-05:00 TRACE 7374 --- [core-bank] [nio-8080-exec-5] org.hibernate.orm.jdbc.bind              : binding parameter (8:UUID) <- [2354371f-aaf7-4bd8-9a93-224f3d8ee5d2]
[35m[Hibernate][0m 
    [34minsert[0m 
    [34minto[0m
        users
        (active, created_at, customer_id, email, password, role, updated_at, id) 
    [34mvalues[0m
        (?, ?, ?, ?, ?, ?, ?, ?)
2026-03-13T20:13:28.686-05:00 TRACE 7374 --- [core-bank] [nio-8080-exec-5] org.hibernate.orm.jdbc.bind              : binding parameter (1:BOOLEAN) <- [true]
2026-03-13T20:13:28.686-05:00 TRACE 7374 --- [core-bank] [nio-8080-exec-5] org.hibernate.orm.jdbc.bind              : binding parameter (2:TIMESTAMP_UTC) <- [2026-03-14T01:13:28.685769Z]
2026-03-13T20:13:28.686-05:00 TRACE 7374 --- [core-bank] [nio-8080-exec-5] org.hibernate.orm.jdbc.bind              : binding parameter (3:UUID) <- [d28aa35d-dfa3-4192-bb67-25d1436d63ad]
2026-03-13T20:13:28.686-05:00 TRACE 7374 --- [core-bank] [nio-8080-exec-5] org.hibernate.orm.jdbc.bind              : binding parameter (4:VARCHAR) <- [maria@mail.com]
2026-03-13T20:13:28.686-05:00 TRACE 7374 --- [core-bank] [nio-8080-exec-5] org.hibernate.orm.jdbc.bind              : binding parameter (5:VARCHAR) <- [{noop}keycloak-managed]
2026-03-13T20:13:28.686-05:00 TRACE 7374 --- [core-bank] [nio-8080-exec-5] org.hibernate.orm.jdbc.bind              : binding parameter (6:VARCHAR) <- [USER]
2026-03-13T20:13:28.686-05:00 TRACE 7374 --- [core-bank] [nio-8080-exec-5] org.hibernate.orm.jdbc.bind              : binding parameter (7:TIMESTAMP_UTC) <- [2026-03-14T01:13:28.685777Z]
2026-03-13T20:13:28.686-05:00 TRACE 7374 --- [core-bank] [nio-8080-exec-5] org.hibernate.orm.jdbc.bind              : binding parameter (8:UUID) <- [2fd2775b-f8d0-4008-b434-c7647d45880b]
[35m[Hibernate][0m 
    [34mselect[0m
        a1_0.id,
        a1_0.account_number,
        a1_0.active,
        a1_0.balance,
        a1_0.created_at,
        a1_0.customer_id,
        c1_0.id,
        c1_0.created_at,
        c1_0.document_id,
        c1_0.email,
        c1_0.name,
        c1_0.updated_at,
        a1_0.type,
        a1_0.updated_at 
    [34mfrom[0m
        accounts a1_0 
    [34mjoin[0m
        customers c1_0 
            [34mon[0m c1_0.id=a1_0.customer_id 
    [34mwhere[0m
        a1_0.customer_id=?
2026-03-13T20:13:28.688-05:00 TRACE 7374 --- [core-bank] [nio-8080-exec-5] org.hibernate.orm.jdbc.bind              : binding parameter (1:UUID) <- [d28aa35d-dfa3-4192-bb67-25d1436d63ad]
[35m[Hibernate][0m 
    [34mselect[0m
        u1_0.id,
        u1_0.active,
        u1_0.created_at,
        u1_0.customer_id,
        u1_0.email,
        u1_0.password,
        u1_0.role,
        u1_0.updated_at 
    [34mfrom[0m
        users u1_0 
    [34mwhere[0m
        u1_0.email=?
2026-03-13T20:13:28.701-05:00 TRACE 7374 --- [core-bank] [nio-8080-exec-7] org.hibernate.orm.jdbc.bind              : binding parameter (1:VARCHAR) <- [maria@mail.com]
[35m[Hibernate][0m 
    [34mselect[0m
        c1_0.id,
        c1_0.created_at,
        c1_0.document_id,
        c1_0.email,
        c1_0.name,
        c1_0.updated_at 
    [34mfrom[0m
        customers c1_0 
    [34mwhere[0m
        c1_0.id=?
2026-03-13T20:13:28.703-05:00 TRACE 7374 --- [core-bank] [nio-8080-exec-7] org.hibernate.orm.jdbc.bind              : binding parameter (1:UUID) <- [d28aa35d-dfa3-4192-bb67-25d1436d63ad]
[35m[Hibernate][0m 
    [34mselect[0m
        a1_0.id,
        a1_0.account_number,
        a1_0.active,
        a1_0.balance,
        a1_0.created_at,
        a1_0.customer_id,
        c1_0.id,
        c1_0.created_at,
        c1_0.document_id,
        c1_0.email,
        c1_0.name,
        c1_0.updated_at,
        a1_0.type,
        a1_0.updated_at 
    [34mfrom[0m
        accounts a1_0 
    [34mjoin[0m
        customers c1_0 
            [34mon[0m c1_0.id=a1_0.customer_id 
    [34mwhere[0m
        a1_0.customer_id=?
2026-03-13T20:13:28.707-05:00 TRACE 7374 --- [core-bank] [nio-8080-exec-7] org.hibernate.orm.jdbc.bind              : binding parameter (1:UUID) <- [d28aa35d-dfa3-4192-bb67-25d1436d63ad]
[35m[Hibernate][0m 
    [34mselect[0m
        a1_0.id,
        a1_0.account_number,
        a1_0.active,
        a1_0.balance,
        a1_0.created_at,
        a1_0.customer_id,
        a1_0.type,
        a1_0.updated_at 
    [34mfrom[0m
        accounts a1_0 
    [34mwhere[0m
        a1_0.account_number=?
2026-03-13T20:13:28.710-05:00 TRACE 7374 --- [core-bank] [nio-8080-exec-8] org.hibernate.orm.jdbc.bind              : binding parameter (1:VARCHAR) <- [6396]
[35m[Hibernate][0m 
    [34mselect[0m
        c1_0.id,
        c1_0.created_at,
        c1_0.document_id,
        c1_0.email,
        c1_0.name,
        c1_0.updated_at 
    [34mfrom[0m
        customers c1_0 
    [34mwhere[0m
        c1_0.id=?
2026-03-13T20:13:28.713-05:00 TRACE 7374 --- [core-bank] [nio-8080-exec-8] org.hibernate.orm.jdbc.bind              : binding parameter (1:UUID) <- [d28aa35d-dfa3-4192-bb67-25d1436d63ad]
[35m[Hibernate][0m 
    [34mselect[0m
        t1_0.id,
        t1_0.account_id,
        a1_0.id,
        a1_0.account_number,
        a1_0.active,
        a1_0.balance,
        a1_0.created_at,
        a1_0.customer_id,
        a1_0.type,
        a1_0.updated_at,
        t1_0.amount,
        t1_0.created_at,
        t1_0.description,
        t1_0.performed_by_id,
        t1_0.type 
    [34mfrom[0m
        transactions t1_0 
    [34mjoin[0m
        accounts a1_0 
            [34mon[0m a1_0.id=t1_0.account_id 
    [34mwhere[0m
        t1_0.account_id=? 
    [34morder[0m [34mby[0m
        t1_0.created_at desc 
    [34mfetch[0m
        first ? [34mrows[0m [34monly[0m
2026-03-13T20:13:28.716-05:00 TRACE 7374 --- [core-bank] [nio-8080-exec-8] org.hibernate.orm.jdbc.bind              : binding parameter (1:UUID) <- [2354371f-aaf7-4bd8-9a93-224f3d8ee5d2]
2026-03-13T20:13:28.716-05:00 TRACE 7374 --- [core-bank] [nio-8080-exec-8] org.hibernate.orm.jdbc.bind              : binding parameter (2:INTEGER) <- [50]
[35m[Hibernate][0m 
    [34mselect[0m
        a1_0.id,
        a1_0.account_number,
        a1_0.active,
        a1_0.balance,
        a1_0.created_at,
        a1_0.customer_id,
        a1_0.type,
        a1_0.updated_at 
    [34mfrom[0m
        accounts a1_0 
    [34mwhere[0m
        a1_0.account_number=?
2026-03-13T20:13:28.731-05:00 TRACE 7374 --- [core-bank] [nio-8080-exec-9] org.hibernate.orm.jdbc.bind              : binding parameter (1:VARCHAR) <- [6396]
[35m[Hibernate][0m 
    [34mselect[0m
        c1_0.id,
        c1_0.created_at,
        c1_0.document_id,
        c1_0.email,
        c1_0.name,
        c1_0.updated_at 
    [34mfrom[0m
        customers c1_0 
    [34mwhere[0m
        c1_0.id=?
2026-03-13T20:13:28.734-05:00 TRACE 7374 --- [core-bank] [nio-8080-exec-9] org.hibernate.orm.jdbc.bind              : binding parameter (1:UUID) <- [d28aa35d-dfa3-4192-bb67-25d1436d63ad]
[35m[Hibernate][0m 
    [34mselect[0m
        t1_0.id,
        t1_0.account_id,
        a1_0.id,
        a1_0.account_number,
        a1_0.active,
        a1_0.balance,
        a1_0.created_at,
        a1_0.customer_id,
        a1_0.type,
        a1_0.updated_at,
        t1_0.amount,
        t1_0.created_at,
        t1_0.description,
        t1_0.performed_by_id,
        t1_0.type 
    [34mfrom[0m
        transactions t1_0 
    [34mjoin[0m
        accounts a1_0 
            [34mon[0m a1_0.id=t1_0.account_id 
    [34mwhere[0m
        t1_0.account_id=? 
    [34morder[0m [34mby[0m
        t1_0.created_at desc 
    [34mfetch[0m
        first ? [34mrows[0m [34monly[0m
2026-03-13T20:13:28.737-05:00 TRACE 7374 --- [core-bank] [nio-8080-exec-9] org.hibernate.orm.jdbc.bind              : binding parameter (1:UUID) <- [2354371f-aaf7-4bd8-9a93-224f3d8ee5d2]
2026-03-13T20:13:28.737-05:00 TRACE 7374 --- [core-bank] [nio-8080-exec-9] org.hibernate.orm.jdbc.bind              : binding parameter (2:INTEGER) <- [50]
