2026-03-08 13:03:38,208 INFO o.a.j.u.JMeterUtils: Setting Locale to en_EN
2026-03-08 13:03:38,223 INFO o.a.j.JMeter: Loading user properties from: /home/ricardo1025/apache-jmeter-5.6.3/bin/user.properties
2026-03-08 13:03:38,223 INFO o.a.j.JMeter: Loading system properties from: /home/ricardo1025/apache-jmeter-5.6.3/bin/system.properties
2026-03-08 13:03:38,227 INFO o.a.j.JMeter: Copyright (c) 1998-2024 The Apache Software Foundation
2026-03-08 13:03:38,227 INFO o.a.j.JMeter: Version 5.6.3
2026-03-08 13:03:38,228 INFO o.a.j.JMeter: java.version=17.0.17
2026-03-08 13:03:38,228 INFO o.a.j.JMeter: java.vm.name=OpenJDK 64-Bit Server VM
2026-03-08 13:03:38,228 INFO o.a.j.JMeter: os.name=Linux
2026-03-08 13:03:38,228 INFO o.a.j.JMeter: os.arch=amd64
2026-03-08 13:03:38,228 INFO o.a.j.JMeter: os.version=6.8.0-90-generic
2026-03-08 13:03:38,228 INFO o.a.j.JMeter: file.encoding=UTF-8
2026-03-08 13:03:38,228 INFO o.a.j.JMeter: java.awt.headless=null
2026-03-08 13:03:38,228 INFO o.a.j.JMeter: Max memory     =1073741824
2026-03-08 13:03:38,228 INFO o.a.j.JMeter: Available Processors =4
2026-03-08 13:03:38,235 INFO o.a.j.JMeter: Default Locale=English (EN)
2026-03-08 13:03:38,236 INFO o.a.j.JMeter: JMeter  Locale=English (EN)
2026-03-08 13:03:38,236 INFO o.a.j.JMeter: JMeterHome=/home/ricardo1025/apache-jmeter-5.6.3
2026-03-08 13:03:38,236 INFO o.a.j.JMeter: user.dir  =/home/ricardo1025/Documentos/projects/core-bank
2026-03-08 13:03:38,236 INFO o.a.j.JMeter: PWD       =/home/ricardo1025/Documentos/projects/core-bank
2026-03-08 13:03:38,236 INFO o.a.j.JMeter: IP: 127.0.1.1 Name: ricardo1025-VivoBook-ASUSLaptop-X515EA-X515EA FullName: ricardo1025-VivoBook-ASUSLaptop-X515EA-X515EA
2026-03-08 13:03:38,247 INFO o.a.j.JMeter: Loaded icon properties from org/apache/jmeter/images/icon.properties
2026-03-08 13:03:38,626 INFO o.a.j.JMeterGuiLauncher: Setting LAF to: com.github.weisj.darklaf.DarkLaf:com.github.weisj.darklaf.theme.DarculaTheme
2026-03-08 13:05:15,108 INFO o.a.j.s.FileServer: Default base='/home/ricardo1025/Documentos/projects/core-bank'
2026-03-08 13:05:15,112 INFO o.a.j.g.a.Load: Loading file: /home/ricardo1025/Documentos/projects/core-bank/stress_test.jmx
2026-03-08 13:05:15,112 INFO o.a.j.s.FileServer: Set new base='/home/ricardo1025/Documentos/projects/core-bank'
2026-03-08 13:05:15,272 INFO o.a.j.s.SaveService: Testplan (JMX) version: 2.2. Testlog (JTL) version: 2.2
2026-03-08 13:05:15,278 INFO o.a.j.s.SaveService: Using SaveService properties version 5.0
2026-03-08 13:05:15,280 INFO o.a.j.s.SaveService: Using SaveService properties file encoding UTF-8
2026-03-08 13:05:15,281 INFO o.a.j.s.SaveService: Loading file: /home/ricardo1025/Documentos/projects/core-bank/stress_test.jmx
2026-03-08 13:05:15,304 INFO o.a.j.p.h.s.HTTPSamplerBase: Parser for text/html is org.apache.jmeter.protocol.http.parser.LagartoBasedHtmlParser
2026-03-08 13:05:15,304 INFO o.a.j.p.h.s.HTTPSamplerBase: Parser for application/xhtml+xml is org.apache.jmeter.protocol.http.parser.LagartoBasedHtmlParser
2026-03-08 13:05:15,304 INFO o.a.j.p.h.s.HTTPSamplerBase: Parser for application/xml is org.apache.jmeter.protocol.http.parser.LagartoBasedHtmlParser
2026-03-08 13:05:15,305 INFO o.a.j.p.h.s.HTTPSamplerBase: Parser for text/xml is org.apache.jmeter.protocol.http.parser.LagartoBasedHtmlParser
2026-03-08 13:05:15,305 INFO o.a.j.p.h.s.HTTPSamplerBase: Parser for text/vnd.wap.wml is org.apache.jmeter.protocol.http.parser.RegexpHTMLParser
2026-03-08 13:05:15,305 INFO o.a.j.p.h.s.HTTPSamplerBase: Parser for text/css is org.apache.jmeter.protocol.http.parser.CssParser
2026-03-08 13:05:15,469 INFO o.a.j.s.SampleResult: Note: Sample TimeStamps are START times
2026-03-08 13:05:15,470 INFO o.a.j.s.SampleResult: sampleresult.default.encoding is set to UTF-8
2026-03-08 13:05:15,470 INFO o.a.j.s.SampleResult: sampleresult.useNanoTime=true
2026-03-08 13:05:15,470 INFO o.a.j.s.SampleResult: sampleresult.nanoThreadSleep=5000
2026-03-08 13:05:15,655 INFO o.a.j.s.FileServer: Set new base='/home/ricardo1025/Documentos/projects/core-bank'
2026-03-08 13:05:24,927 INFO o.a.j.e.StandardJMeterEngine: Running the test!
2026-03-08 13:05:24,928 INFO o.a.j.s.SampleEvent: List of sample_variables: []
2026-03-08 13:05:24,928 INFO o.a.j.s.SampleEvent: List of sample_variables: []
2026-03-08 13:05:24,929 INFO o.a.j.e.u.CompoundVariable: Note: Function class names must contain the string: '.functions.'
2026-03-08 13:05:24,929 INFO o.a.j.e.u.CompoundVariable: Note: Function class names must not contain the string: '.gui.'
2026-03-08 13:05:24,965 INFO o.a.j.g.u.JMeterMenuBar: setRunning(true, *local*)
2026-03-08 13:05:24,975 INFO o.a.j.e.StandardJMeterEngine: Starting ThreadGroup: 1 : Bank Users Group
2026-03-08 13:05:24,976 INFO o.a.j.e.StandardJMeterEngine: Starting 50 threads for group Bank Users Group.
2026-03-08 13:05:24,976 INFO o.a.j.e.StandardJMeterEngine: Thread will continue on error
2026-03-08 13:05:24,976 INFO o.a.j.t.ThreadGroup: Starting thread group... number=1 threads=50 ramp-up=1 delayedStart=false
2026-03-08 13:05:24,980 INFO o.a.j.t.JMeterThread: Thread started: Bank Users Group 1-1
2026-03-08 13:05:24,998 INFO o.a.j.t.JMeterThread: Thread started: Bank Users Group 1-2
2026-03-08 13:05:25,006 INFO o.a.j.p.h.s.HTTPHCAbstractImpl: Local host = ricardo1025-VivoBook-ASUSLaptop-X515EA-X515EA
2026-03-08 13:05:25,017 INFO o.a.j.p.h.s.HTTPHC4Impl: HTTP request retry count = 0
2026-03-08 13:05:25,019 INFO o.a.j.t.ThreadGroup: Started thread group number 1
2026-03-08 13:05:25,019 INFO o.a.j.e.StandardJMeterEngine: All thread groups have been started
2026-03-08 13:05:25,019 INFO o.a.j.t.JMeterThread: Thread started: Bank Users Group 1-3
2026-03-08 13:05:25,039 INFO o.a.j.t.JMeterThread: Thread started: Bank Users Group 1-4
2026-03-08 13:05:25,058 INFO o.a.j.t.JMeterThread: Thread started: Bank Users Group 1-5
2026-03-08 13:05:25,077 INFO o.a.j.t.JMeterThread: Thread started: Bank Users Group 1-6
2026-03-08 13:05:25,097 INFO o.a.j.t.JMeterThread: Thread started: Bank Users Group 1-7
2026-03-08 13:05:25,117 INFO o.a.j.t.JMeterThread: Thread started: Bank Users Group 1-8
2026-03-08 13:05:25,137 INFO o.a.j.t.JMeterThread: Thread started: Bank Users Group 1-9
2026-03-08 13:05:25,157 INFO o.a.j.t.JMeterThread: Thread started: Bank Users Group 1-10
2026-03-08 13:05:25,179 INFO o.a.j.t.JMeterThread: Thread started: Bank Users Group 1-11
2026-03-08 13:05:25,199 INFO o.a.j.t.JMeterThread: Thread started: Bank Users Group 1-12
2026-03-08 13:05:25,217 INFO o.a.j.t.JMeterThread: Thread started: Bank Users Group 1-13
2026-03-08 13:05:25,238 INFO o.a.j.t.JMeterThread: Thread started: Bank Users Group 1-14
2026-03-08 13:05:25,257 INFO o.a.j.t.JMeterThread: Thread started: Bank Users Group 1-15
2026-03-08 13:05:25,278 INFO o.a.j.t.JMeterThread: Thread started: Bank Users Group 1-16
2026-03-08 13:05:25,298 INFO o.a.j.t.JMeterThread: Thread started: Bank Users Group 1-17
2026-03-08 13:05:25,317 INFO o.a.j.t.JMeterThread: Thread started: Bank Users Group 1-18
2026-03-08 13:05:25,337 INFO o.a.j.t.JMeterThread: Thread started: Bank Users Group 1-19
2026-03-08 13:05:25,358 INFO o.a.j.t.JMeterThread: Thread started: Bank Users Group 1-20
2026-03-08 13:05:25,377 INFO o.a.j.t.JMeterThread: Thread started: Bank Users Group 1-21
2026-03-08 13:05:25,398 INFO o.a.j.t.JMeterThread: Thread started: Bank Users Group 1-22
2026-03-08 13:05:25,420 INFO o.a.j.t.JMeterThread: Thread started: Bank Users Group 1-23
2026-03-08 13:05:25,440 INFO o.a.j.t.JMeterThread: Thread started: Bank Users Group 1-24
2026-03-08 13:05:25,462 INFO o.a.j.t.JMeterThread: Thread started: Bank Users Group 1-25
2026-03-08 13:05:25,478 INFO o.a.j.t.JMeterThread: Thread started: Bank Users Group 1-26
2026-03-08 13:05:25,500 INFO o.a.j.t.JMeterThread: Thread started: Bank Users Group 1-27
2026-03-08 13:05:25,517 INFO o.a.j.t.JMeterThread: Thread started: Bank Users Group 1-28
2026-03-08 13:05:25,536 INFO o.a.j.t.JMeterThread: Thread started: Bank Users Group 1-29
2026-03-08 13:05:25,557 INFO o.a.j.t.JMeterThread: Thread started: Bank Users Group 1-30
2026-03-08 13:05:25,577 INFO o.a.j.t.JMeterThread: Thread started: Bank Users Group 1-31
2026-03-08 13:05:25,599 INFO o.a.j.t.JMeterThread: Thread started: Bank Users Group 1-32
2026-03-08 13:05:25,617 INFO o.a.j.t.JMeterThread: Thread started: Bank Users Group 1-33
2026-03-08 13:05:25,638 INFO o.a.j.t.JMeterThread: Thread started: Bank Users Group 1-34
2026-03-08 13:05:25,657 INFO o.a.j.t.JMeterThread: Thread started: Bank Users Group 1-35
2026-03-08 13:05:25,677 INFO o.a.j.t.JMeterThread: Thread started: Bank Users Group 1-36
2026-03-08 13:05:25,698 INFO o.a.j.t.JMeterThread: Thread started: Bank Users Group 1-37
2026-03-08 13:05:25,716 INFO o.a.j.t.JMeterThread: Thread started: Bank Users Group 1-38
2026-03-08 13:05:25,737 INFO o.a.j.t.JMeterThread: Thread started: Bank Users Group 1-39
2026-03-08 13:05:25,757 INFO o.a.j.t.JMeterThread: Thread started: Bank Users Group 1-40
2026-03-08 13:05:25,776 INFO o.a.j.t.JMeterThread: Thread started: Bank Users Group 1-41
2026-03-08 13:05:25,797 INFO o.a.j.t.JMeterThread: Thread started: Bank Users Group 1-42
2026-03-08 13:05:25,817 INFO o.a.j.t.JMeterThread: Thread started: Bank Users Group 1-43
2026-03-08 13:05:25,837 INFO o.a.j.t.JMeterThread: Thread started: Bank Users Group 1-44
2026-03-08 13:05:25,856 INFO o.a.j.t.JMeterThread: Thread started: Bank Users Group 1-45
2026-03-08 13:05:25,880 INFO o.a.j.t.JMeterThread: Thread started: Bank Users Group 1-46
2026-03-08 13:05:25,897 INFO o.a.j.t.JMeterThread: Thread started: Bank Users Group 1-47
2026-03-08 13:05:25,917 INFO o.a.j.t.JMeterThread: Thread started: Bank Users Group 1-48
2026-03-08 13:05:25,937 INFO o.a.j.t.JMeterThread: Thread started: Bank Users Group 1-49
2026-03-08 13:05:25,959 INFO o.a.j.t.JMeterThread: Thread started: Bank Users Group 1-50
2026-03-08 13:06:05,940 INFO o.a.j.t.JMeterThread: Thread is done: Bank Users Group 1-35
2026-03-08 13:06:05,941 INFO o.a.j.t.JMeterThread: Thread finished: Bank Users Group 1-35
2026-03-08 13:06:08,526 INFO o.a.j.t.JMeterThread: Thread is done: Bank Users Group 1-21
2026-03-08 13:06:08,527 INFO o.a.j.t.JMeterThread: Thread finished: Bank Users Group 1-21
2026-03-08 13:06:09,198 INFO o.a.j.t.JMeterThread: Thread is done: Bank Users Group 1-17
2026-03-08 13:06:09,199 INFO o.a.j.t.JMeterThread: Thread finished: Bank Users Group 1-17
2026-03-08 13:06:09,930 INFO o.a.j.t.JMeterThread: Thread is done: Bank Users Group 1-36
2026-03-08 13:06:09,930 INFO o.a.j.t.JMeterThread: Thread finished: Bank Users Group 1-36
2026-03-08 13:06:11,301 INFO o.a.j.t.JMeterThread: Thread is done: Bank Users Group 1-23
2026-03-08 13:06:11,301 INFO o.a.j.t.JMeterThread: Thread finished: Bank Users Group 1-23
2026-03-08 13:06:11,515 INFO o.a.j.t.JMeterThread: Thread is done: Bank Users Group 1-19
2026-03-08 13:06:11,515 INFO o.a.j.t.JMeterThread: Thread finished: Bank Users Group 1-19
2026-03-08 13:06:12,028 INFO o.a.j.t.JMeterThread: Thread is done: Bank Users Group 1-25
2026-03-08 13:06:12,028 INFO o.a.j.t.JMeterThread: Thread finished: Bank Users Group 1-25
2026-03-08 13:06:12,514 INFO o.a.j.t.JMeterThread: Thread is done: Bank Users Group 1-6
2026-03-08 13:06:12,514 INFO o.a.j.t.JMeterThread: Thread finished: Bank Users Group 1-6
2026-03-08 13:06:12,573 INFO o.a.j.t.JMeterThread: Thread is done: Bank Users Group 1-15
2026-03-08 13:06:12,573 INFO o.a.j.t.JMeterThread: Thread finished: Bank Users Group 1-15
2026-03-08 13:06:12,702 INFO o.a.j.t.JMeterThread: Thread is done: Bank Users Group 1-45
2026-03-08 13:06:12,702 INFO o.a.j.t.JMeterThread: Thread finished: Bank Users Group 1-45
2026-03-08 13:06:13,261 INFO o.a.j.t.JMeterThread: Thread is done: Bank Users Group 1-24
2026-03-08 13:06:13,262 INFO o.a.j.t.JMeterThread: Thread finished: Bank Users Group 1-24
2026-03-08 13:06:13,312 INFO o.a.j.t.JMeterThread: Thread is done: Bank Users Group 1-3
2026-03-08 13:06:13,312 INFO o.a.j.t.JMeterThread: Thread finished: Bank Users Group 1-3
2026-03-08 13:06:13,644 INFO o.a.j.t.JMeterThread: Thread is done: Bank Users Group 1-4
2026-03-08 13:06:13,644 INFO o.a.j.t.JMeterThread: Thread finished: Bank Users Group 1-4
2026-03-08 13:06:13,956 INFO o.a.j.t.JMeterThread: Thread is done: Bank Users Group 1-27
2026-03-08 13:06:13,956 INFO o.a.j.t.JMeterThread: Thread finished: Bank Users Group 1-27
2026-03-08 13:06:14,125 INFO o.a.j.t.JMeterThread: Thread is done: Bank Users Group 1-10
2026-03-08 13:06:14,125 INFO o.a.j.t.JMeterThread: Thread finished: Bank Users Group 1-10
2026-03-08 13:06:14,188 INFO o.a.j.t.JMeterThread: Thread is done: Bank Users Group 1-44
2026-03-08 13:06:14,188 INFO o.a.j.t.JMeterThread: Thread finished: Bank Users Group 1-44
2026-03-08 13:06:14,240 INFO o.a.j.t.JMeterThread: Thread is done: Bank Users Group 1-34
2026-03-08 13:06:14,240 INFO o.a.j.t.JMeterThread: Thread finished: Bank Users Group 1-34
2026-03-08 13:06:14,246 INFO o.a.j.t.JMeterThread: Thread is done: Bank Users Group 1-47
2026-03-08 13:06:14,247 INFO o.a.j.t.JMeterThread: Thread finished: Bank Users Group 1-47
2026-03-08 13:06:14,436 INFO o.a.j.t.JMeterThread: Thread is done: Bank Users Group 1-2
2026-03-08 13:06:14,436 INFO o.a.j.t.JMeterThread: Thread finished: Bank Users Group 1-2
2026-03-08 13:06:14,490 INFO o.a.j.t.JMeterThread: Thread is done: Bank Users Group 1-12
2026-03-08 13:06:14,491 INFO o.a.j.t.JMeterThread: Thread finished: Bank Users Group 1-12
2026-03-08 13:06:14,840 INFO o.a.j.t.JMeterThread: Thread is done: Bank Users Group 1-8
2026-03-08 13:06:14,840 INFO o.a.j.t.JMeterThread: Thread finished: Bank Users Group 1-8
2026-03-08 13:06:15,163 INFO o.a.j.t.JMeterThread: Thread is done: Bank Users Group 1-14
2026-03-08 13:06:15,163 INFO o.a.j.t.JMeterThread: Thread finished: Bank Users Group 1-14
2026-03-08 13:06:15,203 INFO o.a.j.t.JMeterThread: Thread is done: Bank Users Group 1-20
2026-03-08 13:06:15,204 INFO o.a.j.t.JMeterThread: Thread finished: Bank Users Group 1-20
2026-03-08 13:06:15,469 INFO o.a.j.t.JMeterThread: Thread is done: Bank Users Group 1-7
2026-03-08 13:06:15,469 INFO o.a.j.t.JMeterThread: Thread finished: Bank Users Group 1-7
2026-03-08 13:06:15,550 INFO o.a.j.t.JMeterThread: Thread is done: Bank Users Group 1-28
2026-03-08 13:06:15,550 INFO o.a.j.t.JMeterThread: Thread finished: Bank Users Group 1-28
2026-03-08 13:06:15,561 INFO o.a.j.t.JMeterThread: Thread is done: Bank Users Group 1-41
2026-03-08 13:06:15,562 INFO o.a.j.t.JMeterThread: Thread finished: Bank Users Group 1-41
2026-03-08 13:06:15,599 INFO o.a.j.t.JMeterThread: Thread is done: Bank Users Group 1-16
2026-03-08 13:06:15,605 INFO o.a.j.t.JMeterThread: Thread finished: Bank Users Group 1-16
2026-03-08 13:06:15,617 INFO o.a.j.t.JMeterThread: Thread is done: Bank Users Group 1-48
2026-03-08 13:06:15,617 INFO o.a.j.t.JMeterThread: Thread is done: Bank Users Group 1-13
2026-03-08 13:06:15,618 INFO o.a.j.t.JMeterThread: Thread finished: Bank Users Group 1-48
2026-03-08 13:06:15,618 INFO o.a.j.t.JMeterThread: Thread finished: Bank Users Group 1-13
2026-03-08 13:06:16,021 INFO o.a.j.t.JMeterThread: Thread is done: Bank Users Group 1-18
2026-03-08 13:06:16,022 INFO o.a.j.t.JMeterThread: Thread finished: Bank Users Group 1-18
2026-03-08 13:06:16,061 INFO o.a.j.t.JMeterThread: Thread is done: Bank Users Group 1-26
2026-03-08 13:06:16,062 INFO o.a.j.t.JMeterThread: Thread finished: Bank Users Group 1-26
2026-03-08 13:06:16,064 INFO o.a.j.t.JMeterThread: Thread is done: Bank Users Group 1-11
2026-03-08 13:06:16,064 INFO o.a.j.t.JMeterThread: Thread finished: Bank Users Group 1-11
2026-03-08 13:06:16,114 INFO o.a.j.t.JMeterThread: Thread is done: Bank Users Group 1-40
2026-03-08 13:06:16,115 INFO o.a.j.t.JMeterThread: Thread finished: Bank Users Group 1-40
2026-03-08 13:06:16,116 INFO o.a.j.t.JMeterThread: Thread is done: Bank Users Group 1-43
2026-03-08 13:06:16,116 INFO o.a.j.t.JMeterThread: Thread finished: Bank Users Group 1-43
2026-03-08 13:06:16,121 INFO o.a.j.t.JMeterThread: Thread is done: Bank Users Group 1-46
2026-03-08 13:06:16,121 INFO o.a.j.t.JMeterThread: Thread finished: Bank Users Group 1-46
2026-03-08 13:06:16,125 INFO o.a.j.t.JMeterThread: Thread is done: Bank Users Group 1-29
2026-03-08 13:06:16,125 INFO o.a.j.t.JMeterThread: Thread finished: Bank Users Group 1-29
2026-03-08 13:06:16,130 INFO o.a.j.t.JMeterThread: Thread is done: Bank Users Group 1-9
2026-03-08 13:06:16,130 INFO o.a.j.t.JMeterThread: Thread finished: Bank Users Group 1-9
2026-03-08 13:06:16,163 INFO o.a.j.t.JMeterThread: Thread is done: Bank Users Group 1-42
2026-03-08 13:06:16,163 INFO o.a.j.t.JMeterThread: Thread finished: Bank Users Group 1-42
2026-03-08 13:06:16,184 INFO o.a.j.t.JMeterThread: Thread is done: Bank Users Group 1-5
2026-03-08 13:06:16,184 INFO o.a.j.t.JMeterThread: Thread finished: Bank Users Group 1-5
2026-03-08 13:06:16,193 INFO o.a.j.t.JMeterThread: Thread is done: Bank Users Group 1-39
2026-03-08 13:06:16,193 INFO o.a.j.t.JMeterThread: Thread finished: Bank Users Group 1-39
2026-03-08 13:06:16,318 INFO o.a.j.t.JMeterThread: Thread is done: Bank Users Group 1-31
2026-03-08 13:06:16,318 INFO o.a.j.t.JMeterThread: Thread finished: Bank Users Group 1-31
2026-03-08 13:06:16,429 INFO o.a.j.t.JMeterThread: Thread is done: Bank Users Group 1-50
2026-03-08 13:06:16,429 INFO o.a.j.t.JMeterThread: Thread finished: Bank Users Group 1-50
2026-03-08 13:06:16,439 INFO o.a.j.t.JMeterThread: Thread is done: Bank Users Group 1-1
2026-03-08 13:06:16,439 INFO o.a.j.t.JMeterThread: Thread finished: Bank Users Group 1-1
2026-03-08 13:06:16,469 INFO o.a.j.t.JMeterThread: Thread is done: Bank Users Group 1-38
2026-03-08 13:06:16,469 INFO o.a.j.t.JMeterThread: Thread finished: Bank Users Group 1-38
2026-03-08 13:06:16,532 INFO o.a.j.t.JMeterThread: Thread is done: Bank Users Group 1-32
2026-03-08 13:06:16,532 INFO o.a.j.t.JMeterThread: Thread finished: Bank Users Group 1-32
2026-03-08 13:06:16,627 INFO o.a.j.t.JMeterThread: Thread is done: Bank Users Group 1-30
2026-03-08 13:06:16,627 INFO o.a.j.t.JMeterThread: Thread finished: Bank Users Group 1-30
2026-03-08 13:06:16,678 INFO o.a.j.t.JMeterThread: Thread is done: Bank Users Group 1-22
2026-03-08 13:06:16,678 INFO o.a.j.t.JMeterThread: Thread finished: Bank Users Group 1-22
2026-03-08 13:06:16,682 INFO o.a.j.t.JMeterThread: Thread is done: Bank Users Group 1-49
2026-03-08 13:06:16,683 INFO o.a.j.t.JMeterThread: Thread finished: Bank Users Group 1-49
2026-03-08 13:06:16,695 INFO o.a.j.t.JMeterThread: Thread is done: Bank Users Group 1-33
2026-03-08 13:06:16,696 INFO o.a.j.t.JMeterThread: Thread finished: Bank Users Group 1-33
2026-03-08 13:06:16,706 INFO o.a.j.t.JMeterThread: Thread is done: Bank Users Group 1-37
2026-03-08 13:06:16,706 INFO o.a.j.t.JMeterThread: Thread finished: Bank Users Group 1-37
2026-03-08 13:06:16,708 INFO o.a.j.e.StandardJMeterEngine: Notifying test listeners of end of test
2026-03-08 13:06:16,708 INFO o.a.j.g.u.JMeterMenuBar: setRunning(false, *local*)
